<?xml version="1.0" encoding="UTF-8"?>
<!-- Generated by org.testng.reporters.JUnitReportReporter -->
<testsuite hostname="DESKTOP-JPC9PMR" failures="0" tests="1" name="testing_basics.SecondCode" time="4.045" errors="0" timestamp="2022-05-14T00:35:53 PDT" skipped="0">
  <testcase classname="testing_basics.SecondCode" name="init" time="4.045"/>
  <system-out/>
</testsuite> <!-- testing_basics.SecondCode -->
