<?xml version="1.0" encoding="UTF-8"?>
<!-- Generated by org.testng.reporters.JUnitReportReporter -->
<testsuite skipped="0" hostname="DESKTOP-JPC9PMR" name="textxml_understanding.Create_TestNGXML_File" tests="4" failures="0" timestamp="2022-05-26T19:09:23 PDT" time="0.009" errors="0">
  <testcase name="case2" time="0.005" classname="textxml_understanding.Create_TestNGXML_File"/>
  <system-out/>
  <testcase name="case4" time="0.002" classname="textxml_understanding.Create_TestNGXML_File"/>
  <system-out/>
  <testcase name="case1" time="0.001" classname="textxml_understanding.Create_TestNGXML_File"/>
  <system-out/>
  <testcase name="case3" time="0.001" classname="textxml_understanding.Create_TestNGXML_File"/>
  <system-out/>
</testsuite> <!-- textxml_understanding.Create_TestNGXML_File -->
