<?xml version="1.0" encoding="UTF-8"?>
<!-- Generated by org.testng.reporters.JUnitReportReporter -->
<testsuite hostname="DESKTOP-JPC9PMR" failures="0" tests="2" name="testing_basics.Rediff_Code" time="8.478" errors="0" timestamp="2022-05-14T01:08:48 PDT" skipped="0">
  <testcase classname="testing_basics.Rediff_Code" name="launchRediff" time="7.201"/>
  <system-out/>
  <testcase classname="testing_basics.Rediff_Code" name="tieDown" time="1.277"/>
  <system-out/>
</testsuite> <!-- testing_basics.Rediff_Code -->
