<?xml version="1.0" encoding="UTF-8"?>
<!-- Generated by org.testng.reporters.JUnitReportReporter -->
<testsuite skipped="0" hostname="DESKTOP-JPC9PMR" name="testngxml_understanding.Base" tests="1" failures="0" timestamp="2022-05-25T09:08:29 PDT" time="4.297" errors="0">
  <testcase name="initialize" time="4.297" classname="testngxml_understanding.Base"/>
  <system-out/>
</testsuite> <!-- testngxml_understanding.Base -->
