<?xml version="1.0" encoding="UTF-8"?>
<!-- Generated by org.testng.reporters.JUnitReportReporter -->
<testsuite skipped="0" hostname="DESKTOP-JPC9PMR" name="testing_basics.Multiple_TestCasees_Class" tests="12" failures="0" timestamp="2022-05-14T23:54:44 PDT" time="0.016" errors="0">
  <testcase name="validateLoginHomePage" time="0.001" classname="testing_basics.Multiple_TestCasees_Class"/>
  <system-out/>
  <testcase name="logOut" time="0.001" classname="testing_basics.Multiple_TestCasees_Class"/>
  <system-out/>
  <testcase name="launchUrl" time="0.001" classname="testing_basics.Multiple_TestCasees_Class"/>
  <system-out/>
  <testcase name="enterCredentials" time="0.001" classname="testing_basics.Multiple_TestCasees_Class"/>
  <system-out/>
  <testcase name="launchUrl" time="0.001" classname="testing_basics.Multiple_TestCasees_Class"/>
  <system-out/>
  <testcase name="validateLoginHomePage" time="0.001" classname="testing_basics.Multiple_TestCasees_Class"/>
  <system-out/>
  <testcase name="enterCredentials" time="0.005" classname="testing_basics.Multiple_TestCasees_Class"/>
  <system-out/>
  <testcase name="logOut" time="0.001" classname="testing_basics.Multiple_TestCasees_Class"/>
  <system-out/>
  <testcase name="validateLoginHomePage" time="0.001" classname="testing_basics.Multiple_TestCasees_Class"/>
  <system-out/>
  <testcase name="launchUrl" time="0.001" classname="testing_basics.Multiple_TestCasees_Class"/>
  <system-out/>
  <testcase name="enterCredentials" time="0.001" classname="testing_basics.Multiple_TestCasees_Class"/>
  <system-out/>
  <testcase name="logOut" time="0.001" classname="testing_basics.Multiple_TestCasees_Class"/>
  <system-out/>
</testsuite> <!-- testing_basics.Multiple_TestCasees_Class -->
