<?xml version="1.0" encoding="UTF-8"?>
<!-- Generated by org.testng.reporters.JUnitReportReporter -->
<testsuite skipped="0" hostname="DESKTOP-JPC9PMR" name="textxml_understanding.ParallelPart1" tests="9" failures="0" timestamp="2022-05-26T18:06:12 PDT" time="0.114" errors="0">
  <testcase name="testcase2" time="0.018" classname="textxml_understanding.ParallelPart1"/>
  <system-out/>
  <testcase name="testcase3" time="0.014" classname="textxml_understanding.ParallelPart1"/>
  <system-out/>
  <testcase name="testcase1" time="0.016" classname="textxml_understanding.ParallelPart1"/>
  <system-out/>
  <testcase name="testcase2" time="0.007" classname="textxml_understanding.ParallelPart1"/>
  <system-out/>
  <testcase name="testcase1" time="0.006" classname="textxml_understanding.ParallelPart1"/>
  <system-out/>
  <testcase name="testcase2" time="0.013" classname="textxml_understanding.ParallelPart1"/>
  <system-out/>
  <testcase name="testcase1" time="0.014" classname="textxml_understanding.ParallelPart1"/>
  <system-out/>
  <testcase name="testcase3" time="0.013" classname="textxml_understanding.ParallelPart1"/>
  <system-out/>
  <testcase name="testcase3" time="0.013" classname="textxml_understanding.ParallelPart1"/>
  <system-out/>
</testsuite> <!-- textxml_understanding.ParallelPart1 -->
