<?xml version="1.0" encoding="UTF-8"?>
<!-- Generated by org.testng.reporters.JUnitReportReporter -->
<testsuite hostname="DESKTOP-JPC9PMR" failures="0" tests="1" name="testing_basics.FirstCode" time="6.533" errors="0" timestamp="2022-05-14T00:19:43 PDT" skipped="0">
  <testcase classname="testing_basics.FirstCode" name="init" time="6.533"/>
  <system-out/>
</testsuite> <!-- testing_basics.FirstCode -->
